<?xml version="1.0" encoding="UTF-8"?>
<testsuite xmlns:xsi="http://www.w3.org/2001/XMLSchema-instance" xsi:noNamespaceSchemaLocation="https://maven.apache.org/surefire/maven-surefire-plugin/xsd/surefire-test-report.xsd" name="LoginApiTest" time="17.669" tests="5" errors="0" skipped="0" failures="0">
  <properties>
[...]
</properties>
  <testcase name="createRequestReturnsSuccessTest" classname="LoginApiTest" time="9.072"/>
  <testcase name="loginTest" classname="LoginApiTest" time="2.582"/>
  <testcase name="doubleRequestReturnsErrorTest" classname="LoginApiTest" time="1.886"/>
  <testcase name="unauthorizedEditProfileTest" classname="LoginApiTest" time="1.811"/>
  <testcase name="editProfileTest" classname="LoginApiTest" time="1.9"/>
</testsuite>